<?xml version="1.0" encoding="utf-8"?><testsuites><testsuite name="pytest" errors="0" failures="0" skipped="0" tests="43" time="4.758" timestamp="2025-05-18T14:08:44.376136+02:00" hostname="Mac.fritz.box"><testcase classname="pipelines.scrapping_dest_details.tests.test_bigquery_loader" name="test_bigquery_loader_init" time="0.037" /><testcase classname="pipelines.scrapping_dest_details.tests.test_bigquery_loader" name="test_ensure_dataset_exists_when_exists" time="0.001" /><testcase classname="pipelines.scrapping_dest_details.tests.test_bigquery_loader" name="test_ensure_dataset_exists_when_not_exists" time="0.000" /><testcase classname="pipelines.scrapping_dest_details.tests.test_bigquery_loader" name="test_get_schema" time="0.000" /><testcase classname="pipelines.scrapping_dest_details.tests.test_bigquery_loader" name="test_ensure_table_exists" time="0.001" /><testcase classname="pipelines.scrapping_dest_details.tests.test_bigquery_loader" name="test_create_temp_table" time="0.002" /><testcase classname="pipelines.scrapping_dest_details.tests.test_bigquery_loader" name="test_build_merge_query" time="0.000" /><testcase classname="pipelines.scrapping_dest_details.tests.test_bigquery_loader" name="test_execute_merge" time="0.001" /><testcase classname="pipelines.scrapping_dest_details.tests.test_bigquery_loader" name="test_upload_with_merge_success" time="0.001" /><testcase classname="pipelines.scrapping_dest_details.tests.test_bigquery_loader" name="test_upload_with_merge_empty_df" time="0.001" /><testcase classname="pipelines.scrapping_dest_details.tests.test_bigquery_loader" name="test_upload_with_merge_exception" time="0.001" /><testcase classname="pipelines.scrapping_dest_details.tests.test_bigquery_loader" name="test_append_data_success" time="0.001" /><testcase classname="pipelines.scrapping_dest_details.tests.test_bigquery_loader" name="test_append_data_empty_df" time="0.002" /><testcase classname="pipelines.scrapping_dest_details.tests.test_bigquery_loader" name="test_append_data_exception" time="0.001" /><testcase classname="pipelines.scrapping_dest_details.tests.test_fetcher.TestWikipediaScraperExtraction" name="test_extract_description" time="0.001" /><testcase classname="pipelines.scrapping_dest_details.tests.test_fetcher.TestWikipediaScraperExtraction" name="test_extract_coordinates" time="0.001" /><testcase classname="pipelines.scrapping_dest_details.tests.test_fetcher.TestWikipediaScraperExtraction" name="test_extract_country" time="0.001" /><testcase classname="pipelines.scrapping_dest_details.tests.test_fetcher.TestWikipediaScraperExtraction" name="test_extract_population" time="0.001" /><testcase classname="pipelines.scrapping_dest_details.tests.test_fetcher.TestWikipediaScraperExtraction" name="test_extract_timezone" time="0.001" /><testcase classname="pipelines.scrapping_dest_details.tests.test_fetcher.TestWikipediaScraperExtraction" name="test_extract_climate" time="0.001" /><testcase classname="pipelines.scrapping_dest_details.tests.test_fetcher.TestWikipediaScraperExtraction" name="test_extract_attractions" time="0.001" /><testcase classname="pipelines.scrapping_dest_details.tests.test_fetcher.TestWikipediaScraperExtraction" name="test_guess_attraction_type" time="0.000" /><testcase classname="pipelines.scrapping_dest_details.tests.test_fetcher.TestWikipediaRequests" name="test_fetch_page_success" time="0.002" /><testcase classname="pipelines.scrapping_dest_details.tests.test_fetcher.TestWikipediaRequests" name="test_fetch_page_not_found" time="0.001" /><testcase classname="pipelines.scrapping_dest_details.tests.test_fetcher.TestWikipediaRequests" name="test_fetch_page_server_error" time="0.001" /><testcase classname="pipelines.scrapping_dest_details.tests.test_fetcher.TestWikipediaRequests" name="test_fetch_page_network_error" time="0.000" /><testcase classname="pipelines.scrapping_dest_details.tests.test_fetcher.TestWikipediaRequests" name="test_fetch_page_timeout" time="0.000" /><testcase classname="pipelines.scrapping_dest_details.tests.test_fetcher.TestWikipediaRequests" name="test_rate_limiting" time="0.001" /><testcase classname="pipelines.scrapping_dest_details.tests.test_fetcher.TestGetDestinationInfo" name="test_get_destination_info_success" time="1.009" /><testcase classname="pipelines.scrapping_dest_details.tests.test_fetcher.TestGetDestinationInfo" name="test_get_destination_info_failure" time="1.009" /><testcase classname="pipelines.scrapping_dest_details.tests.test_fetcher.TestGetDestinationInfo" name="test_get_destination_info_exception" time="1.009" /><testcase classname="pipelines.scrapping_dest_details.tests.test_fetcher.TestGetDestinationInfo" name="test_get_destination_info_empty_page" time="1.010" /><testcase classname="pipelines.scrapping_dest_details.tests.test_gcs_storage" name="test_get_storage_client" time="0.001" /><testcase classname="pipelines.scrapping_dest_details.tests.test_gcs_storage" name="test_get_bucket" time="0.001" /><testcase classname="pipelines.scrapping_dest_details.tests.test_gcs_storage" name="test_upload_raw_wiki_data_success" time="0.003" /><testcase classname="pipelines.scrapping_dest_details.tests.test_gcs_storage" name="test_upload_raw_wiki_data_with_spaces" time="0.003" /><testcase classname="pipelines.scrapping_dest_details.tests.test_gcs_storage" name="test_upload_raw_wiki_data_exception" time="0.001" /><testcase classname="pipelines.scrapping_dest_details.tests.test_gcs_storage" name="test_upload_processed_wiki_data_success" time="0.002" /><testcase classname="pipelines.scrapping_dest_details.tests.test_gcs_storage" name="test_upload_processed_wiki_data_with_datetime" time="0.001" /><testcase classname="pipelines.scrapping_dest_details.tests.test_gcs_storage" name="test_upload_processed_wiki_data_exception" time="0.001" /><testcase classname="pipelines.scrapping_dest_details.tests.test_schema_validation.TestSchemaValidation" name="test_destination_details_schema" time="0.001" /><testcase classname="pipelines.scrapping_dest_details.tests.test_schema_validation.TestSchemaValidation" name="test_field_validation_manually" time="0.001" /><testcase classname="pipelines.scrapping_dest_details.tests.test_schema_validation.TestSchemaValidation" name="test_invalid_schema_detection" time="0.001" /></testsuite></testsuites>